[22:30:16.342][info] [#0:C:/Users/llydr/Desktop/neovim083_and_plugins/share/nvim/runtime/my-neovim-data/mason/packages/lua-language-server\main.lua:66]: Lua Lsp startup, root: 	C:/Users/llydr/Desktop/neovim083_and_plugins/share/nvim/runtime/my-neovim-data/mason/packages/lua-language-server
[22:30:16.342][info] [#0:C:/Users/llydr/Desktop/neovim083_and_plugins/share/nvim/runtime/my-neovim-data/mason/packages/lua-language-server\main.lua:67]: ROOT:	C:/Users/llydr/Desktop/neovim083_and_plugins/share/nvim/runtime/my-neovim-data/mason/packages/lua-language-server
[22:30:16.342][info] [#0:C:/Users/llydr/Desktop/neovim083_and_plugins/share/nvim/runtime/my-neovim-data/mason/packages/lua-language-server\main.lua:68]: LOGPATH:	C:/Users/llydr/Desktop/neovim083_and_plugins/share/nvim/runtime/my-neovim-data/mason/packages/lua-language-server/log
[22:30:16.342][info] [#0:C:/Users/llydr/Desktop/neovim083_and_plugins/share/nvim/runtime/my-neovim-data/mason/packages/lua-language-server\main.lua:69]: METAPATH:	C:/Users/llydr/Desktop/neovim083_and_plugins/share/nvim/runtime/my-neovim-data/mason/packages/lua-language-server/meta
[22:30:16.342][info] [#0:C:/Users/llydr/Desktop/neovim083_and_plugins/share/nvim/runtime/my-neovim-data/mason/packages/lua-language-server\main.lua:70]: VERSION:	3.6.18
[22:30:16.358][info] [#0:script\service\service.lua:144]: 
========= Medical Examination Report =========
    --------------- Memory ---------------
        Total: 2.116 MB
        # 00 : 2.116 MB
        # 01 : 0.000 MB
        # 02 : 0.000 MB
        # 03 : 0.000 MB
        # 04 : 0.000 MB
    --------------- Coroutine ---------------
        Total:     0
        Running:   0
        Suspended: 0
        Normal:    0
        Dead:      0
    --------------- Cache ---------------
        Total: 1
        Dead:  0
    ---------------  RPC  ---------------
        Holdon:   0
        Waiting:  0
==============================================
[22:30:16.374][info] [#0:script\client.lua:657]: Client init	{
  capabilities = {
    callHierarchy = {
      dynamicRegistration = false
    },
    textDocument = {
      codeAction = {
        codeActionLiteralSupport = {
          codeActionKind = {
            valueSet = { "", "Empty", "QuickFix", "Refactor", "RefactorExtract", "RefactorInline", "RefactorRewrite", "Source", "SourceOrganizeImports", "quickfix", "refactor", "refactor.extract", "refactor.inline", "refactor.rewrite", "source", "source.organizeImports" }
          }
        },
        dataSupport = true,
        dynamicRegistration = false,
        isPreferredSupport = true,
        resolveSupport = {
          properties = { "edit" }
        }
      },
      completion = {
        completionItem = {
          commitCharactersSupport = true,
          deprecatedSupport = true,
          documentationFormat = { "markdown", "plaintext" },
          insertReplaceSupport = true,
          insertTextModeSupport = {
            valueSet = { 1, 2 }
          },
          labelDetailsSupport = true,
          preselectSupport = true,
          resolveSupport = {
            properties = { "documentation", "detail", "additionalTextEdits" }
          },
          snippetSupport = true,
          tagSupport = {
            valueSet = { 1 }
          }
        },
        completionItemKind = {
          valueSet = { 1, 2, 3, 4, 5, 6, 7, 8, 9, 10, 11, 12, 13, 14, 15, 16, 17, 18, 19, 20, 21, 22, 23, 24, 25 }
        },
        completionList = {
          itemDefaults = { "commitCharacters", "editRange", "insertTextFormat", "insertTextMode", "data" }
        },
        contextSupport = true,
        dynamicRegistration = false,
        insertTextMode = 1
      },
      declaration = {
        linkSupport = true
      },
      definition = {
        linkSupport = true
      },
      documentHighlight = {
        dynamicRegistration = false
      },
      documentSymbol = {
        dynamicRegistration = false,
        hierarchicalDocumentSymbolSupport = true,
        symbolKind = {
          valueSet = { 1, 2, 3, 4, 5, 6, 7, 8, 9, 10, 11, 12, 13, 14, 15, 16, 17, 18, 19, 20, 21, 22, 23, 24, 25, 26 }
        }
      },
      hover = {
        contentFormat = { "markdown", "plaintext" },
        dynamicRegistration = false
      },
      implementation = {
        linkSupport = true
      },
      publishDiagnostics = {
        relatedInformation = true,
        tagSupport = {
          valueSet = { 1, 2 }
        }
      },
      references = {
        dynamicRegistration = false
      },
      rename = {
        dynamicRegistration = false,
        prepareSupport = true
      },
      signatureHelp = {
        dynamicRegistration = false,
        signatureInformation = {
          activeParameterSupport = true,
          documentationFormat = { "markdown", "plaintext" },
          parameterInformation = {
            labelOffsetSupport = true
          }
        }
      },
      synchronization = {
        didSave = true,
        dynamicRegistration = false,
        willSave = false,
        willSaveWaitUntil = false
      },
      typeDefinition = {
        linkSupport = true
      }
    },
    window = {
      showDocument = {
        support = false
      },
      showMessage = {
        messageActionItem = {
          additionalPropertiesSupport = false
        }
      },
      workDoneProgress = true
    },
    workspace = {
      applyEdit = true,
      configuration = true,
      symbol = {
        dynamicRegistration = false,
        hierarchicalWorkspaceSymbolSupport = true,
        symbolKind = {
          valueSet = { 1, 2, 3, 4, 5, 6, 7, 8, 9, 10, 11, 12, 13, 14, 15, 16, 17, 18, 19, 20, 21, 22, 23, 24, 25, 26 }
        }
      },
      workspaceEdit = {
        resourceOperations = { "rename", "create", "delete" }
      },
      workspaceFolders = true
    }
  },
  clientInfo = {
    name = "Neovim",
    version = "0.8.3"
  },
  initializationOptions = {},
  processId = 19032,
  rootPath = "C:\\Users\\llydr\\Desktop\\neovim083_and_plugins",
  rootUri = "file:///C:/Users/llydr/Desktop/neovim083_and_plugins",
  trace = "off",
  workspaceFolders = { {
      name = "C:/Users/llydr/Desktop/neovim083_and_plugins",
      uri = "file:///C:/Users/llydr/Desktop/neovim083_and_plugins"
    } }
}
[22:30:16.374][info] [#0:script\language.lua:137]: VSC language: nil
[22:30:16.374][info] [#0:script\language.lua:138]: LS  language: en-us
[22:30:16.374][info] [#0:script\workspace\workspace.lua:38]: Workspace init root: 	file:///C:/Users/llydr/Desktop/neovim083_and_plugins
[22:30:16.374][info] [#0:script\workspace\workspace.lua:42]: Log path: 	C:/Users/llydr/Desktop/neovim083_and_plugins/share/nvim/runtime/my-neovim-data/mason/packages/lua-language-server/log/file_C_Users_llydr_Desktop_neovim083_and_plugins.log
[22:30:16.389][info] [#0:script\workspace\workspace.lua:48]: Workspace create: 	file:///c%3A/Users/llydr/Desktop/neovim083_and_plugins
[22:30:16.499][info] [#0:script\provider\provider.lua:46]: Load config from client	file:///c%3A/Users/llydr/Desktop/neovim083_and_plugins
[22:30:16.499][info] [#0:script\provider\provider.lua:47]: {
  Lua = {
    telemetry = {
      enable = false
    }
  }
}
[22:30:16.499][info] [#0:script\provider\provider.lua:53]: Load config from .luarc.json/.luarc.jsonc	file:///c%3A/Users/llydr/Desktop/neovim083_and_plugins
[22:30:16.499][info] [#0:script\provider\provider.lua:54]: {
  ["workspace.checkThirdParty"] = false
}
[22:30:16.499][info] [#0:script\provider\provider.lua:46]: Load config from client	file:///c%3A/Users/llydr/Desktop/neovim083_and_plugins
[22:30:16.499][info] [#0:script\provider\provider.lua:47]: {
  Lua = {
    telemetry = {
      enable = false
    }
  }
}
[22:30:16.499][info] [#0:script\provider\provider.lua:53]: Load config from .luarc.json/.luarc.jsonc	file:///c%3A/Users/llydr/Desktop/neovim083_and_plugins
[22:30:16.499][info] [#0:script\provider\provider.lua:54]: {
  ["workspace.checkThirdParty"] = false
}
[22:30:16.499][info] [#0:script\provider\provider.lua:46]: Load config from client	file:///c%3A/Users/llydr/Desktop/neovim083_and_plugins
[22:30:16.499][info] [#0:script\provider\provider.lua:47]: {
  Lua = {
    telemetry = {
      enable = false
    }
  }
}
[22:30:16.499][info] [#0:script\provider\provider.lua:53]: Load config from .luarc.json/.luarc.jsonc	file:///c%3A/Users/llydr/Desktop/neovim083_and_plugins
[22:30:16.499][info] [#0:script\provider\provider.lua:54]: {
  ["workspace.checkThirdParty"] = false
}
[22:30:16.499][info] [#0:script\provider\provider.lua:61]: Load config from client	fallback
[22:30:16.499][info] [#0:script\provider\provider.lua:62]: {
  Lua = {
    telemetry = {
      enable = false
    }
  }
}
[22:30:16.499][info] [#0:script\library.lua:212]: Init builtin library at:	file:///c%3A/Users/llydr/Desktop/neovim083_and_plugins
[22:30:16.530][info] [#0:script\plugin.lua:86]: plugin path:	C:\Users\llydr\Desktop\neovim083_and_plugins
[22:30:16.530][warn] [#0:script\plugin.lua:101]: plugin not found:	C:\Users\llydr\Desktop\neovim083_and_plugins
[22:30:16.530][info] [#0:script\library.lua:212]: Init builtin library at:	nil
[22:30:16.546][info] [#0:script\provider\provider.lua:61]: Load config from client	fallback
[22:30:16.546][info] [#0:script\provider\provider.lua:62]: {
  Lua = {
    telemetry = {
      enable = false
    }
  }
}
[22:30:16.546][info] [#0:script\provider\provider.lua:61]: Load config from client	fallback
[22:30:16.546][info] [#0:script\provider\provider.lua:62]: {
  Lua = {
    telemetry = {
      enable = false
    }
  }
}
[22:30:16.639][info] [#0:script\workspace\workspace.lua:322]: Preload start:	file:///c%3A/Users/llydr/Desktop/neovim083_and_plugins
[22:30:16.639][info] [#0:script\workspace\workspace.lua:328]: Scan files at:	file:///c%3A/Users/llydr/Desktop/neovim083_and_plugins
[22:30:16.639][info] [#0:script\workspace\workspace.lua:322]: Preload start:	<fallback>
[22:30:16.639][info] [#0:script\workspace\workspace.lua:351]: Scan library at:	file:///c%3A/Users/llydr/Desktop/neovim083_and_plugins/share/nvim/runtime/my-neovim-data/mason/packages/lua-language-server/meta/Lua%205.4%20en-us%20utf8/string.lua
[22:30:16.639][info] [#0:script\workspace\workspace.lua:351]: Scan library at:	file:///c%3A/Users/llydr/Desktop/neovim083_and_plugins/share/nvim/runtime/my-neovim-data/mason/packages/lua-language-server/meta/Lua%205.4%20en-us%20utf8/builtin.lua
[22:30:16.639][info] [#0:script\workspace\workspace.lua:351]: Scan library at:	file:///c%3A/Users/llydr/Desktop/neovim083_and_plugins/share/nvim/runtime/my-neovim-data/mason/packages/lua-language-server/meta/Lua%205.4%20en-us%20utf8/coroutine.lua
[22:30:16.639][info] [#0:script\workspace\workspace.lua:351]: Scan library at:	file:///c%3A/Users/llydr/Desktop/neovim083_and_plugins/share/nvim/runtime/my-neovim-data/mason/packages/lua-language-server/meta/Lua%205.4%20en-us%20utf8/math.lua
[22:30:16.639][info] [#0:script\workspace\workspace.lua:351]: Scan library at:	file:///c%3A/Users/llydr/Desktop/neovim083_and_plugins/share/nvim/runtime/my-neovim-data/mason/packages/lua-language-server/meta/Lua%205.4%20en-us%20utf8/os.lua
[22:30:16.639][info] [#0:script\workspace\workspace.lua:351]: Scan library at:	file:///c%3A/Users/llydr/Desktop/neovim083_and_plugins/share/nvim/runtime/my-neovim-data/mason/packages/lua-language-server/meta/Lua%205.4%20en-us%20utf8/table.lua
[22:30:16.639][info] [#0:script\workspace\workspace.lua:351]: Scan library at:	file:///c%3A/Users/llydr/Desktop/neovim083_and_plugins/share/nvim/runtime/my-neovim-data/mason/packages/lua-language-server/meta/Lua%205.4%20en-us%20utf8/package.lua
[22:30:16.655][info] [#0:script\workspace\workspace.lua:351]: Scan library at:	file:///c%3A/Users/llydr/Desktop/neovim083_and_plugins/share/nvim/runtime/my-neovim-data/mason/packages/lua-language-server/meta/Lua%205.4%20en-us%20utf8/io.lua
[22:30:16.655][info] [#0:script\workspace\workspace.lua:351]: Scan library at:	file:///c%3A/Users/llydr/Desktop/neovim083_and_plugins/share/nvim/runtime/my-neovim-data/mason/packages/lua-language-server/meta/Lua%205.4%20en-us%20utf8/utf8.lua
[22:30:16.655][info] [#0:script\workspace\workspace.lua:351]: Scan library at:	file:///c%3A/Users/llydr/Desktop/neovim083_and_plugins/share/nvim/runtime/my-neovim-data/mason/packages/lua-language-server/meta/Lua%205.4%20en-us%20utf8/basic.lua
[22:30:16.655][info] [#0:script\workspace\workspace.lua:351]: Scan library at:	file:///c%3A/Users/llydr/Desktop/neovim083_and_plugins/share/nvim/runtime/my-neovim-data/mason/packages/lua-language-server/meta/Lua%205.4%20en-us%20utf8/debug.lua
[22:30:16.764][info] [#0:script\workspace\workspace.lua:377]: Found 11 files at:	<fallback>
[22:30:16.764][info] [#0:script\workspace\loading.lua:161]: Load files from disk:	<fallback>
[22:30:16.764][info] [#0:script\workspace\loading.lua:101]: Preload file at: file:///c%3A/Users/llydr/Desktop/neovim083_and_plugins/share/nvim/runtime/my-neovim-data/mason/packages/lua-language-server/meta/Lua%205.4%20en-us%20utf8/debug.lua , size = 7.637 KB
[22:30:16.764][info] [#0:script\workspace\loading.lua:113]: ++++As library of:	file:///c%3A/Users/llydr/Desktop/neovim083_and_plugins/share/nvim/runtime/my-neovim-data/mason/packages/lua-language-server/meta/Lua%205.4%20en-us%20utf8/debug.lua
[22:30:16.764][info] [#0:script\workspace\loading.lua:101]: Preload file at: file:///c%3A/Users/llydr/Desktop/neovim083_and_plugins/share/nvim/runtime/my-neovim-data/mason/packages/lua-language-server/meta/Lua%205.4%20en-us%20utf8/utf8.lua , size = 2.386 KB
[22:30:16.764][info] [#0:script\workspace\loading.lua:113]: ++++As library of:	file:///c%3A/Users/llydr/Desktop/neovim083_and_plugins/share/nvim/runtime/my-neovim-data/mason/packages/lua-language-server/meta/Lua%205.4%20en-us%20utf8/utf8.lua
[22:30:16.764][info] [#0:script\workspace\loading.lua:101]: Preload file at: file:///c%3A/Users/llydr/Desktop/neovim083_and_plugins/share/nvim/runtime/my-neovim-data/mason/packages/lua-language-server/meta/Lua%205.4%20en-us%20utf8/io.lua , size = 6.364 KB
[22:30:16.764][info] [#0:script\workspace\loading.lua:113]: ++++As library of:	file:///c%3A/Users/llydr/Desktop/neovim083_and_plugins/share/nvim/runtime/my-neovim-data/mason/packages/lua-language-server/meta/Lua%205.4%20en-us%20utf8/io.lua
[22:30:16.764][info] [#0:script\workspace\loading.lua:101]: Preload file at: file:///c%3A/Users/llydr/Desktop/neovim083_and_plugins/share/nvim/runtime/my-neovim-data/mason/packages/lua-language-server/meta/Lua%205.4%20en-us%20utf8/package.lua , size = 2.944 KB
[22:30:16.764][info] [#0:script\workspace\loading.lua:113]: ++++As library of:	file:///c%3A/Users/llydr/Desktop/neovim083_and_plugins/share/nvim/runtime/my-neovim-data/mason/packages/lua-language-server/meta/Lua%205.4%20en-us%20utf8/package.lua
[22:30:16.764][info] [#0:script\workspace\loading.lua:101]: Preload file at: file:///c%3A/Users/llydr/Desktop/neovim083_and_plugins/share/nvim/runtime/my-neovim-data/mason/packages/lua-language-server/meta/Lua%205.4%20en-us%20utf8/table.lua , size = 4.230 KB
[22:30:16.764][info] [#0:script\workspace\loading.lua:113]: ++++As library of:	file:///c%3A/Users/llydr/Desktop/neovim083_and_plugins/share/nvim/runtime/my-neovim-data/mason/packages/lua-language-server/meta/Lua%205.4%20en-us%20utf8/table.lua
[22:30:16.764][info] [#0:script\workspace\loading.lua:101]: Preload file at: file:///c%3A/Users/llydr/Desktop/neovim083_and_plugins/share/nvim/runtime/my-neovim-data/mason/packages/lua-language-server/meta/Lua%205.4%20en-us%20utf8/basic.lua , size = 14.160 KB
[22:30:16.764][info] [#0:script\workspace\loading.lua:113]: ++++As library of:	file:///c%3A/Users/llydr/Desktop/neovim083_and_plugins/share/nvim/runtime/my-neovim-data/mason/packages/lua-language-server/meta/Lua%205.4%20en-us%20utf8/basic.lua
[22:30:16.764][info] [#0:script\workspace\loading.lua:101]: Preload file at: file:///c%3A/Users/llydr/Desktop/neovim083_and_plugins/share/nvim/runtime/my-neovim-data/mason/packages/lua-language-server/meta/Lua%205.4%20en-us%20utf8/os.lua , size = 4.347 KB
[22:30:16.780][info] [#0:script\workspace\loading.lua:113]: ++++As library of:	file:///c%3A/Users/llydr/Desktop/neovim083_and_plugins/share/nvim/runtime/my-neovim-data/mason/packages/lua-language-server/meta/Lua%205.4%20en-us%20utf8/os.lua
[22:30:16.780][info] [#0:script\workspace\loading.lua:101]: Preload file at: file:///c%3A/Users/llydr/Desktop/neovim083_and_plugins/share/nvim/runtime/my-neovim-data/mason/packages/lua-language-server/meta/Lua%205.4%20en-us%20utf8/math.lua , size = 8.731 KB
[22:30:16.780][info] [#0:script\workspace\loading.lua:113]: ++++As library of:	file:///c%3A/Users/llydr/Desktop/neovim083_and_plugins/share/nvim/runtime/my-neovim-data/mason/packages/lua-language-server/meta/Lua%205.4%20en-us%20utf8/math.lua
[22:30:16.780][info] [#0:script\workspace\loading.lua:101]: Preload file at: file:///c%3A/Users/llydr/Desktop/neovim083_and_plugins/share/nvim/runtime/my-neovim-data/mason/packages/lua-language-server/meta/Lua%205.4%20en-us%20utf8/coroutine.lua , size = 2.590 KB
[22:30:16.780][info] [#0:script\workspace\loading.lua:113]: ++++As library of:	file:///c%3A/Users/llydr/Desktop/neovim083_and_plugins/share/nvim/runtime/my-neovim-data/mason/packages/lua-language-server/meta/Lua%205.4%20en-us%20utf8/coroutine.lua
[22:30:16.780][info] [#0:script\workspace\loading.lua:101]: Preload file at: file:///c%3A/Users/llydr/Desktop/neovim083_and_plugins/share/nvim/runtime/my-neovim-data/mason/packages/lua-language-server/meta/Lua%205.4%20en-us%20utf8/builtin.lua , size = 0.302 KB
[22:30:16.780][info] [#0:script\workspace\loading.lua:113]: ++++As library of:	file:///c%3A/Users/llydr/Desktop/neovim083_and_plugins/share/nvim/runtime/my-neovim-data/mason/packages/lua-language-server/meta/Lua%205.4%20en-us%20utf8/builtin.lua
[22:30:16.780][info] [#0:script\workspace\loading.lua:101]: Preload file at: file:///c%3A/Users/llydr/Desktop/neovim083_and_plugins/share/nvim/runtime/my-neovim-data/mason/packages/lua-language-server/meta/Lua%205.4%20en-us%20utf8/string.lua , size = 6.302 KB
[22:30:16.780][info] [#0:script\workspace\loading.lua:113]: ++++As library of:	file:///c%3A/Users/llydr/Desktop/neovim083_and_plugins/share/nvim/runtime/my-neovim-data/mason/packages/lua-language-server/meta/Lua%205.4%20en-us%20utf8/string.lua
[22:30:16.780][info] [#0:script\workspace\loading.lua:173]: Loaded files takes [0.023] sec: <fallback>
[22:30:16.780][info] [#0:script\workspace\loading.lua:182]: Compile files takes [0.000] sec: <fallback>
[22:30:16.780][info] [#0:script\workspace\loading.lua:183]: Loaded finish:	<fallback>
[22:30:16.780][info] [#0:script\workspace\workspace.lua:379]: Preload finish at:	<fallback>
[22:30:17.183][info] [#0:script\workspace\workspace.lua:282]: Scan files at:	file:///c%3A/Users/llydr/Desktop/neovim083_and_plugins/share/nvim/runtime/my-neovim-data/mason/packages/lua-language-server/log/cache/16808
[22:30:17.183][info] [#0:script\workspace\workspace.lua:282]: Scan files at:	file:///c%3A/Users/llydr/Desktop/neovim083_and_plugins/share/nvim/runtime/my-neovim-data/mason/packages/lua-language-server/log/cache/16808/.lock
[22:30:17.183][info] [#0:script\workspace\loading.lua:161]: Load files from disk:	file:///c%3A/Users/llydr/Desktop/neovim083_and_plugins/share/nvim/runtime/my-neovim-data/mason/packages/lua-language-server/log/cache/16808
[22:30:17.183][info] [#0:script\workspace\loading.lua:173]: Loaded files takes [0.000] sec: file:///c%3A/Users/llydr/Desktop/neovim083_and_plugins/share/nvim/runtime/my-neovim-data/mason/packages/lua-language-server/log/cache/16808
[22:30:17.183][info] [#0:script\workspace\loading.lua:182]: Compile files takes [0.000] sec: file:///c%3A/Users/llydr/Desktop/neovim083_and_plugins/share/nvim/runtime/my-neovim-data/mason/packages/lua-language-server/log/cache/16808
[22:30:17.183][info] [#0:script\workspace\loading.lua:183]: Loaded finish:	file:///c%3A/Users/llydr/Desktop/neovim083_and_plugins/share/nvim/runtime/my-neovim-data/mason/packages/lua-language-server/log/cache/16808
[22:30:17.183][info] [#0:script\workspace\loading.lua:161]: Load files from disk:	file:///c%3A/Users/llydr/Desktop/neovim083_and_plugins/share/nvim/runtime/my-neovim-data/mason/packages/lua-language-server/log/cache/16808/.lock
[22:30:17.183][info] [#0:script\workspace\loading.lua:173]: Loaded files takes [0.000] sec: file:///c%3A/Users/llydr/Desktop/neovim083_and_plugins/share/nvim/runtime/my-neovim-data/mason/packages/lua-language-server/log/cache/16808/.lock
[22:30:17.183][info] [#0:script\workspace\loading.lua:182]: Compile files takes [0.000] sec: file:///c%3A/Users/llydr/Desktop/neovim083_and_plugins/share/nvim/runtime/my-neovim-data/mason/packages/lua-language-server/log/cache/16808/.lock
[22:30:17.183][info] [#0:script\workspace\loading.lua:183]: Loaded finish:	file:///c%3A/Users/llydr/Desktop/neovim083_and_plugins/share/nvim/runtime/my-neovim-data/mason/packages/lua-language-server/log/cache/16808/.lock
